2022/01/09 17:31:23 {"callers":["D:/Users/Lenovo/go/src/blog-service/main.go: 27 main.init.0"],"level":"info","message":"eddycjy: go-programming-tour-book/blog-service","time":1641720683376854000}
2022/01/09 17:32:49 {"callers":["D:/Users/Lenovo/go/src/blog-service/main.go: 27 main.init.0"],"level":"info","message":"eddycjy: go-programming-tour-book/blog-service","time":1641720769649075100}
2022/01/09 17:37:51 {"callers":["D:/Users/Lenovo/go/src/blog-service/main.go: 27 main.init.0"],"level":"info","message":"eddycjy: go-programming-tour-book/blog-service","time":1641721071703482400}
2022/01/09 17:49:09 {"callers":["D:/Users/Lenovo/go/src/blog-service/main.go: 27 main.init.0"],"level":"info","message":"eddycjy: go-programming-tour-book/blog-service","time":1641721749377490800}
2022/01/09 17:50:15 {"callers":["D:/Users/Lenovo/go/src/blog-service/main.go: 27 main.init.0"],"level":"error","message":"app.BindAndValid errs: State必须是[0 1]中的一个","time":1641721815699119800}
2022/01/10 17:17:17 {"callers":["D:/Users/Lenovo/go/src/blog-service/main.go: 27 main.init.0"],"level":"info","message":"eddycjy: go-programming-tour-book/blog-service","time":1641806237627309400}
2022/01/10 17:17:23 {"callers":["D:/Users/Lenovo/go/src/blog-service/main.go: 27 main.init.0"],"level":"error","message":"app.BindAndValid errs: State必须是[0 1]中的一个","time":1641806243417082900}
2022/01/10 17:17:24 {"callers":["D:/Users/Lenovo/go/src/blog-service/main.go: 27 main.init.0"],"level":"error","message":"app.BindAndValid errs: State必须是[0 1]中的一个","time":1641806244734251800}
2022/01/10 17:17:25 {"callers":["D:/Users/Lenovo/go/src/blog-service/main.go: 27 main.init.0"],"level":"error","message":"app.BindAndValid errs: State必须是[0 1]中的一个","time":1641806245326264200}
2022/01/10 17:20:23 {"callers":["D:/Users/Lenovo/go/src/blog-service/main.go: 27 main.init.0"],"level":"info","message":"eddycjy: go-programming-tour-book/blog-service","time":1641806423477128400}
2022/01/10 17:53:21 {"callers":["D:/Users/Lenovo/go/src/blog-service/main.go: 27 main.init.0"],"level":"info","message":"eddycjy: go-programming-tour-book/blog-service","time":1641808401921465600}
2022/01/10 17:53:26 {"callers":["D:/Users/Lenovo/go/src/blog-service/main.go: 27 main.init.0"],"level":"error","message":"app.BindAndValid errs: State必须是[0 1]中的一个","time":1641808406896151700}
2022/01/10 17:53:28 {"callers":["D:/Users/Lenovo/go/src/blog-service/main.go: 27 main.init.0"],"level":"error","message":"app.BindAndValid errs: State必须是[0 1]中的一个","time":1641808408986036400}
2022/01/10 17:53:30 {"callers":["D:/Users/Lenovo/go/src/blog-service/main.go: 27 main.init.0"],"level":"error","message":"app.BindAndValid errs: State必须是[0 1]中的一个","time":1641808410440424500}
2022/01/10 17:55:01 {"callers":["D:/Users/Lenovo/go/src/blog-service/main.go: 27 main.init.0"],"level":"info","message":"eddycjy: go-programming-tour-book/blog-service","time":1641808501687513200}
2022/01/10 18:00:56 {"callers":["D:/Users/Lenovo/go/src/blog-service/main.go: 27 main.init.0"],"level":"info","message":"eddycjy: go-programming-tour-book/blog-service","time":1641808856597529900}
2022/01/10 18:00:59 {"callers":["D:/Users/Lenovo/go/src/blog-service/main.go: 27 main.init.0"],"level":"error","message":"app.BindAndValid errs: State必须是[0 1]中的一个","time":1641808859721836800}
2022/01/10 18:01:49 {"callers":["D:/Users/Lenovo/go/src/blog-service/main.go: 27 main.init.0"],"level":"error","message":"app.BindAndValid errs: State必须是[0 1]中的一个","time":1641808909922920000}
2022/01/29 20:35:52 {"callers":["D:/Users/Lenovo/go/src/blog-service/main.go: 27 main.init.0"],"level":"info","message":"eddycjy: go-programming-tour-book/blog-service","time":1643459752137346500}
2022/01/29 20:35:59 {"callers":["D:/Users/Lenovo/go/src/blog-service/main.go: 27 main.init.0"],"level":"error","message":"app.BindAndValid errs: Name为必填字段","time":1643459759155388500}
2022/01/29 20:36:11 {"callers":["D:/Users/Lenovo/go/src/blog-service/main.go: 27 main.init.0"],"level":"error","message":"app.BindAndValid errs: Name为必填字段","time":1643459771048387200}
2022/01/29 20:37:09 {"callers":["D:/Users/Lenovo/go/src/blog-service/main.go: 27 main.init.0"],"level":"error","message":"app.BindAndValid errs: Name为必填字段","time":1643459829517692800}
2022/01/29 20:42:03 {"callers":["D:/Users/Lenovo/go/src/blog-service/main.go: 27 main.init.0"],"level":"error","message":"app.BindAndValid errs: Name长度必须至少为3个字符,CreatedBy为必填字段","time":1643460123693056900}
2022/01/29 20:56:10 {"callers":["D:/Users/Lenovo/go/src/blog-service/main.go: 27 main.init.0"],"level":"error","message":"app.BindAndValid errs: ","time":1643460970566157900}
2022/01/29 21:00:00 {"callers":["D:/Users/Lenovo/go/src/blog-service/main.go: 27 main.init.0"],"level":"error","message":"app.BindAndValid errs: ","time":1643461200019178700}
2022/01/29 21:00:14 {"callers":["D:/Users/Lenovo/go/src/blog-service/main.go: 27 main.init.0"],"level":"error","message":"app.BindAndValid errs: ","time":1643461214890625300}
2022/01/29 21:00:17 {"callers":["D:/Users/Lenovo/go/src/blog-service/main.go: 27 main.init.0"],"level":"error","message":"app.BindAndValid errs: ","time":1643461217937510400}
2022/01/29 21:00:26 {"callers":["D:/Users/Lenovo/go/src/blog-service/main.go: 27 main.init.0"],"level":"error","message":"app.BindAndValid errs: ","time":1643461226546967100}
2022/01/29 21:00:40 {"callers":["D:/Users/Lenovo/go/src/blog-service/main.go: 27 main.init.0"],"level":"error","message":"app.BindAndValid errs: ","time":1643461240202009000}
2022/01/29 21:00:45 {"callers":["D:/Users/Lenovo/go/src/blog-service/main.go: 27 main.init.0"],"level":"error","message":"app.BindAndValid errs: ","time":1643461245973665100}
2022/01/29 21:00:49 {"callers":["D:/Users/Lenovo/go/src/blog-service/main.go: 27 main.init.0"],"level":"error","message":"app.BindAndValid errs: ","time":1643461249728260100}
2022/01/29 21:00:53 {"callers":["D:/Users/Lenovo/go/src/blog-service/main.go: 27 main.init.0"],"level":"error","message":"app.BindAndValid errs: ","time":1643461253091097900}
2022/01/29 21:01:16 {"callers":["D:/Users/Lenovo/go/src/blog-service/main.go: 27 main.init.0"],"level":"error","message":"app.BindAndValid errs: ","time":1643461276298548300}
2022/01/29 21:01:34 {"callers":["D:/Users/Lenovo/go/src/blog-service/main.go: 27 main.init.0"],"level":"error","message":"app.BindAndValid errs: ","time":1643461294770415300}
2022/01/29 21:02:21 {"callers":["D:/Users/Lenovo/go/src/blog-service/main.go: 27 main.init.0"],"level":"info","message":"eddycjy: go-programming-tour-book/blog-service","time":1643461341151101700}
2022/01/30 11:38:43 {"callers":["D:/Users/Lenovo/go/src/blog-service/main.go: 27 main.init.0"],"level":"info","message":"eddycjy: go-programming-tour-book/blog-service","time":1643513923023999600}
2022/01/30 11:38:49 {"callers":["D:/Users/Lenovo/go/src/blog-service/main.go: 27 main.init.0"],"level":"error","message":"app.BindAndValid errs: ","time":1643513929810256700}
2022/01/30 11:38:51 {"callers":["D:/Users/Lenovo/go/src/blog-service/main.go: 27 main.init.0"],"level":"error","message":"app.BindAndValid errs: ","time":1643513931998674400}
2022/01/30 11:40:38 {"callers":["D:/Users/Lenovo/go/src/blog-service/main.go: 27 main.init.0"],"level":"info","message":"eddycjy: go-programming-tour-book/blog-service","time":1643514038702591100}
2022/01/30 11:40:45 {"callers":["D:/Users/Lenovo/go/src/blog-service/main.go: 27 main.init.0"],"level":"info","message":"eddycjy: go-programming-tour-book/blog-service","time":1643514045119786500}
2022/01/30 11:42:25 {"callers":["D:/Users/Lenovo/go/src/blog-service/main.go: 27 main.init.0"],"level":"error","message":"app.BindAndValid errs: ","time":1643514145554565800}
2022/01/30 11:44:12 {"callers":["D:/Users/Lenovo/go/src/blog-service/main.go: 27 main.init.0"],"level":"info","message":"eddycjy: go-programming-tour-book/blog-service","time":1643514252753132400}
2022/01/30 11:44:17 {"callers":["D:/Users/Lenovo/go/src/blog-service/main.go: 27 main.init.0"],"level":"error","message":"app.BindAndValid errs: ","time":1643514257341885200}
2022/01/30 11:45:29 {"callers":["D:/Users/Lenovo/go/src/blog-service/main.go: 27 main.init.0"],"level":"error","message":"app.BindAndValid errs: ","time":1643514329209665800}
2022/01/30 11:46:30 {"callers":["D:/Users/Lenovo/go/src/blog-service/main.go: 27 main.init.0"],"level":"info","message":"eddycjy: go-programming-tour-book/blog-service","time":1643514390261465400}
2022/01/30 12:03:10 {"callers":["D:/Users/Lenovo/go/src/blog-service/main.go: 27 main.init.0"],"level":"info","message":"eddycjy: go-programming-tour-book/blog-service","time":1643515390678001200}
2022/01/30 12:04:04 {"callers":["D:/Users/Lenovo/go/src/blog-service/main.go: 27 main.init.0"],"level":"error","message":"app.BindAndValid errs: ","time":1643515444976689600}
2022/01/30 12:04:13 {"callers":["D:/Users/Lenovo/go/src/blog-service/main.go: 27 main.init.0"],"level":"info","message":"eddycjy: go-programming-tour-book/blog-service","time":1643515453505231800}
2022/01/30 12:04:16 {"callers":["D:/Users/Lenovo/go/src/blog-service/main.go: 27 main.init.0"],"level":"error","message":"app.BindAndValid errs: ","time":1643515456190873500}
2022/01/30 12:04:16 {"callers":["D:/Users/Lenovo/go/src/blog-service/main.go: 27 main.init.0"],"level":"error","message":"app.BindAndValid errs: ","time":1643515456812886200}
2022/01/30 12:06:35 {"callers":["D:/Users/Lenovo/go/src/blog-service/main.go: 27 main.init.0"],"level":"info","message":"eddycjy: go-programming-tour-book/blog-service","time":1643515595896187700}
2022/01/30 12:06:42 {"callers":["D:/Users/Lenovo/go/src/blog-service/main.go: 27 main.init.0"],"level":"error","message":"app.BindAndValid errs: ","time":1643515602013821700}
2022/01/30 12:23:32 {"callers":["D:/Users/Lenovo/go/src/blog-service/main.go: 27 main.init.0"],"level":"info","message":"eddycjy: go-programming-tour-book/blog-service","time":1643516612914562000}
2022/01/30 12:24:06 {"callers":["D:/Users/Lenovo/go/src/blog-service/main.go: 27 main.init.0"],"level":"error","message":"app.BindAndValid errs: ","time":1643516646983725800}
2022/01/30 12:24:18 {"callers":["D:/Users/Lenovo/go/src/blog-service/main.go: 27 main.init.0"],"level":"info","message":"eddycjy: go-programming-tour-book/blog-service","time":1643516658580777300}
2022/01/30 12:24:24 {"callers":["D:/Users/Lenovo/go/src/blog-service/main.go: 27 main.init.0"],"level":"info","message":"eddycjy: go-programming-tour-book/blog-service","time":1643516664403595400}
2022/01/30 12:24:26 {"callers":["D:/Users/Lenovo/go/src/blog-service/main.go: 27 main.init.0"],"level":"error","message":"app.BindAndValid errs: ","time":1643516666516376500}
2022/01/30 12:26:03 {"callers":["D:/Users/Lenovo/go/src/blog-service/main.go: 27 main.init.0"],"level":"info","message":"eddycjy: go-programming-tour-book/blog-service","time":1643516763996726900}
2022/01/30 12:26:06 {"callers":["D:/Users/Lenovo/go/src/blog-service/main.go: 27 main.init.0"],"level":"error","message":"app.BindAndValid errs: ","time":1643516766716804000}
2022/01/30 12:28:24 {"callers":["D:/Users/Lenovo/go/src/blog-service/main.go: 27 main.init.0"],"level":"info","message":"eddycjy: go-programming-tour-book/blog-service","time":1643516904120653300}
2022/01/30 12:28:26 {"callers":["D:/Users/Lenovo/go/src/blog-service/main.go: 27 main.init.0"],"level":"error","message":"app.BindAndValid errs: ","time":1643516906795269100}
2022/01/30 12:28:42 {"callers":["D:/Users/Lenovo/go/src/blog-service/main.go: 27 main.init.0"],"level":"info","message":"eddycjy: go-programming-tour-book/blog-service","time":1643516922236859100}
2022/01/30 12:28:43 {"callers":["D:/Users/Lenovo/go/src/blog-service/main.go: 27 main.init.0"],"level":"error","message":"app.BindAndValid errs: ","time":1643516923978435200}
2022/01/30 12:33:22 {"callers":["D:/Users/Lenovo/go/src/blog-service/main.go: 27 main.init.0"],"level":"info","message":"eddycjy: go-programming-tour-book/blog-service","time":1643517202887767000}
2022/01/30 12:37:25 {"callers":["D:/Users/Lenovo/go/src/blog-service/main.go: 27 main.init.0"],"level":"info","message":"eddycjy: go-programming-tour-book/blog-service","time":1643517445897131400}
2022/01/30 12:37:28 {"callers":["D:/Users/Lenovo/go/src/blog-service/main.go: 27 main.init.0"],"level":"error","message":"app.BindAndValid errs: ","time":1643517448147969000}
2022/01/30 12:37:45 {"callers":["D:/Users/Lenovo/go/src/blog-service/main.go: 27 main.init.0"],"level":"error","message":"app.BindAndValid errs: ","time":1643517465477547600}
2022/01/30 12:38:24 {"callers":["D:/Users/Lenovo/go/src/blog-service/main.go: 27 main.init.0"],"level":"error","message":"app.BindAndValid errs: ","time":1643517504075856600}
2022/01/30 12:39:01 {"callers":["D:/Users/Lenovo/go/src/blog-service/main.go: 27 main.init.0"],"level":"error","message":"app.BindAndValid errs: ","time":1643517541065868000}
2022/01/30 12:39:10 {"callers":["D:/Users/Lenovo/go/src/blog-service/main.go: 27 main.init.0"],"level":"error","message":"app.BindAndValid errs: ","time":1643517550764630700}
2022/01/30 12:41:40 {"callers":["D:/Users/Lenovo/go/src/blog-service/main.go: 27 main.init.0"],"level":"info","message":"eddycjy: go-programming-tour-book/blog-service","time":1643517700548118400}
2022/01/30 12:42:52 {"callers":["D:/Users/Lenovo/go/src/blog-service/main.go: 27 main.init.0"],"level":"info","message":"eddycjy: go-programming-tour-book/blog-service","time":1643517772271166400}
2022/01/30 12:42:54 {"callers":["D:/Users/Lenovo/go/src/blog-service/main.go: 27 main.init.0"],"level":"error","message":"app.BindAndValid errs: ","time":1643517774834804100}
2022/01/30 12:43:13 {"callers":["D:/Users/Lenovo/go/src/blog-service/main.go: 27 main.init.0"],"level":"error","message":"app.BindAndValid errs: ","time":1643517793468243600}
2022/01/30 12:43:36 {"callers":["D:/Users/Lenovo/go/src/blog-service/main.go: 27 main.init.0"],"level":"error","message":"app.BindAndValid errs: ","time":1643517816054915100}
2022/01/30 12:44:27 {"callers":["D:/Users/Lenovo/go/src/blog-service/main.go: 27 main.init.0"],"level":"info","message":"eddycjy: go-programming-tour-book/blog-service","time":1643517867610952100}
2022/01/30 12:45:19 {"callers":["D:/Users/Lenovo/go/src/blog-service/main.go: 27 main.init.0"],"level":"error","message":"app.BindAndValid errs: ","time":1643517919650971700}
2022/01/30 12:45:56 {"callers":["D:/Users/Lenovo/go/src/blog-service/main.go: 27 main.init.0"],"level":"info","message":"eddycjy: go-programming-tour-book/blog-service","time":1643517956863162900}
2022/01/30 12:47:20 {"callers":["D:/Users/Lenovo/go/src/blog-service/main.go: 27 main.init.0"],"level":"error","message":"app.BindAndValid errs: ","time":1643518040324887400}
2022/01/30 14:34:56 {"callers":["D:/Users/Lenovo/go/src/blog-service/main.go: 27 main.init.0"],"level":"info","message":"eddycjy: go-programming-tour-book/blog-service","time":1643524496360596200}
2022/01/30 14:34:58 {"callers":["D:/Users/Lenovo/go/src/blog-service/main.go: 27 main.init.0"],"level":"error","message":"app.BindAndValid errs: ","time":1643524498510741500}
2022/01/30 14:35:10 {"callers":["D:/Users/Lenovo/go/src/blog-service/main.go: 27 main.init.0"],"level":"error","message":"app.BindAndValid errs: ","time":1643524510314697000}
2022/01/30 14:35:28 {"callers":["D:/Users/Lenovo/go/src/blog-service/main.go: 27 main.init.0"],"level":"error","message":"app.BindAndValid errs: ","time":1643524528000407100}
2022/01/30 14:35:35 {"callers":["D:/Users/Lenovo/go/src/blog-service/main.go: 27 main.init.0"],"level":"error","message":"app.BindAndValid errs: ","time":1643524535031138000}
2022/01/30 14:36:43 {"callers":["D:/Users/Lenovo/go/src/blog-service/main.go: 27 main.init.0"],"level":"info","message":"eddycjy: go-programming-tour-book/blog-service","time":1643524603757993000}
2022/01/30 14:37:05 {"callers":["D:/Users/Lenovo/go/src/blog-service/main.go: 27 main.init.0"],"level":"error","message":"app.BindAndValid errs: ","time":1643524625114108400}
2022/01/30 14:45:59 {"callers":["D:/Users/Lenovo/go/src/blog-service/main.go: 27 main.init.0"],"level":"error","message":"app.BindAndValid errs: ","time":1643525159065475600}
2022/01/30 14:46:17 {"callers":["D:/Users/Lenovo/go/src/blog-service/main.go: 27 main.init.0"],"level":"error","message":"app.BindAndValid errs: ","time":1643525177588689800}
2022/01/30 14:46:32 {"callers":["D:/Users/Lenovo/go/src/blog-service/main.go: 27 main.init.0"],"level":"error","message":"app.BindAndValid errs: ","time":1643525192744381500}
2022/01/30 14:50:57 {"callers":["D:/Users/Lenovo/go/src/blog-service/main.go: 27 main.init.0"],"level":"error","message":"app.BindAndValid errs: ","time":1643525457169366800}
2022/01/30 14:51:38 {"callers":["D:/Users/Lenovo/go/src/blog-service/main.go: 27 main.init.0"],"level":"error","message":"app.BindAndValid errs: ","time":1643525498202542200}
2022/01/30 14:54:36 {"callers":["D:/Users/Lenovo/go/src/blog-service/main.go: 27 main.init.0"],"level":"error","message":"app.BindAndValid errs: ","time":1643525676175276900}
2022/01/30 14:54:37 {"callers":["D:/Users/Lenovo/go/src/blog-service/main.go: 27 main.init.0"],"level":"error","message":"app.BindAndValid errs: ","time":1643525677126158800}
2022/01/30 14:56:02 {"callers":["D:/Users/Lenovo/go/src/blog-service/main.go: 27 main.init.0"],"level":"error","message":"app.BindAndValid errs: ","time":1643525762328239100}
2022/01/30 14:56:25 {"callers":["D:/Users/Lenovo/go/src/blog-service/main.go: 27 main.init.0"],"level":"info","message":"eddycjy: go-programming-tour-book/blog-service","time":1643525785079544000}
2022/01/30 14:56:53 {"callers":["D:/Users/Lenovo/go/src/blog-service/main.go: 27 main.init.0"],"level":"error","message":"app.BindAndValid errs: ","time":1643525813536675200}
2022/01/30 20:00:44 {"callers":["D:/Users/Lenovo/go/src/blog-service/main.go: 27 main.init.0"],"level":"info","message":"eddycjy: go-programming-tour-book/blog-service","time":1643544044759370200}
2022/01/30 20:00:46 {"callers":["D:/Users/Lenovo/go/src/blog-service/main.go: 27 main.init.0"],"level":"error","message":"app.BindAndValid errs: ","time":1643544046838437900}
2022/01/30 20:01:57 {"callers":["D:/Users/Lenovo/go/src/blog-service/main.go: 27 main.init.0"],"level":"info","message":"eddycjy: go-programming-tour-book/blog-service","time":1643544117482268700}
2022/01/30 20:01:59 {"callers":["D:/Users/Lenovo/go/src/blog-service/main.go: 27 main.init.0"],"level":"error","message":"app.BindAndValid errs: ","time":1643544119526828300}
2022/01/30 20:02:27 {"callers":["D:/Users/Lenovo/go/src/blog-service/main.go: 27 main.init.0"],"level":"error","message":"app.BindAndValid errs: ","time":1643544147237852900}
2022/01/30 20:08:57 {"callers":["D:/Users/Lenovo/go/src/blog-service/main.go: 27 main.init.0"],"level":"error","message":"app.BindAndValid errs: ","time":1643544537628173900}
2022/01/30 20:09:21 {"callers":["D:/Users/Lenovo/go/src/blog-service/main.go: 27 main.init.0"],"level":"info","message":"eddycjy: go-programming-tour-book/blog-service","time":1643544561638151000}
2022/01/31 11:37:31 {"callers":["D:/Users/Lenovo/go/src/blog-service/main.go: 27 main.init.0"],"level":"info","message":"eddycjy: go-programming-tour-book/blog-service","time":1643600251848592000}
2022/01/31 11:39:06 {"callers":["D:/Users/Lenovo/go/src/blog-service/main.go: 27 main.init.0"],"level":"info","message":"eddycjy: go-programming-tour-book/blog-service","time":1643600346384844400}
2022/01/31 11:40:08 {"callers":["D:/Users/Lenovo/go/src/blog-service/main.go: 27 main.init.0"],"level":"info","message":"eddycjy: go-programming-tour-book/blog-service","time":1643600408411340500}
2022/01/31 12:30:04 {"callers":["D:/Users/Lenovo/go/src/blog-service/main.go: 27 main.init.0"],"level":"info","message":"eddycjy: go-programming-tour-book/blog-service","time":1643603404588097200}
2022/02/08 11:46:58 {"callers":["D:/go_work/src/go-blog-service/main.go: 27 main.init.0"],"level":"info","message":"eddycjy: go-programming-tour-book/blog-service","time":1644292018973154400}
2022/02/08 11:47:01 {"callers":["D:/go_work/src/go-blog-service/main.go: 27 main.init.0"],"level":"error","message":"app.BindAndValid errs: Name为必填字段","time":1644292021607864700}
2022/02/08 11:47:10 {"callers":["D:/go_work/src/go-blog-service/main.go: 27 main.init.0"],"level":"error","message":"app.BindAndValid errs: Name为必填字段","time":1644292030124263000}
2022/02/08 13:35:50 {"callers":["D:/go_work/src/go-blog-service/main.go: 27 main.init.0"],"level":"error","message":"app.BindAndValid errs: Name长度必须至少为3个字符","time":1644298550992447400}
2022/02/08 13:36:53 {"callers":["D:/go_work/src/go-blog-service/main.go: 27 main.init.0"],"level":"error","message":"app.BindAndValid errs: ","time":1644298613606392700}
2022/02/08 13:47:42 {"callers":["D:/go_work/src/go-blog-service/main.go: 27 main.init.0"],"level":"info","message":"eddycjy: go-programming-tour-book/blog-service","time":1644299262755561600}
2022/02/08 13:48:22 {"callers":["D:/go_work/src/go-blog-service/main.go: 27 main.init.0"],"level":"error","message":"app.BindAndValid errs: ","time":1644299302503896700}
2022/02/08 13:49:17 {"callers":["D:/go_work/src/go-blog-service/main.go: 27 main.init.0"],"level":"info","message":"eddycjy: go-programming-tour-book/blog-service","time":1644299357435426600}
2022/02/08 13:52:01 {"callers":["D:/go_work/src/go-blog-service/main.go: 27 main.init.0"],"level":"error","message":"app.BindAndValid errs: ","time":1644299521539892700}
2022/02/08 13:52:16 {"callers":["D:/go_work/src/go-blog-service/main.go: 27 main.init.0"],"level":"error","message":"app.BindAndValid errs: ","time":1644299536521647400}
2022/02/08 13:52:53 {"callers":["D:/go_work/src/go-blog-service/main.go: 27 main.init.0"],"level":"error","message":"app.BindAndValid errs: ","time":1644299573052955300}
2022/02/08 13:58:04 {"callers":["D:/go_work/src/go-blog-service/main.go: 27 main.init.0"],"level":"info","message":"eddycjy: go-programming-tour-book/blog-service","time":1644299884557439800}
2022/02/08 13:59:39 {"callers":["D:/go_work/src/go-blog-service/main.go: 27 main.init.0"],"level":"info","message":"eddycjy: go-programming-tour-book/blog-service","time":1644299979446902200}
2022/02/08 14:04:26 {"callers":["D:/go_work/src/go-blog-service/main.go: 27 main.init.0"],"level":"error","message":"app.BindAndValid errs: ","time":1644300266281876100}
2022/02/08 14:06:33 {"callers":["D:/go_work/src/go-blog-service/main.go: 27 main.init.0"],"level":"info","message":"eddycjy: go-programming-tour-book/blog-service","time":1644300393729556500}
2022/02/08 14:08:44 {"callers":["D:/go_work/src/go-blog-service/main.go: 27 main.init.0"],"level":"error","message":"app.BindAndValid errs: State为必填字段,Name长度必须至少为3个字符","time":1644300524798513100}
2022/02/08 14:09:26 {"callers":["D:/go_work/src/go-blog-service/main.go: 27 main.init.0"],"level":"error","message":"app.BindAndValid errs: Name长度必须至少为3个字符,State为必填字段,ModifiedBy为必填字段","time":1644300566188236400}
2022/02/08 14:11:58 {"callers":["D:/go_work/src/go-blog-service/main.go: 27 main.init.0"],"level":"error","message":"app.BindAndValid errs: State为必填字段,ModifiedBy为必填字段,Name长度必须至少为3个字符","time":1644300718386582200}
2022/02/08 14:12:54 {"callers":["D:/go_work/src/go-blog-service/main.go: 27 main.init.0"],"level":"error","message":"app.BindAndValid errs: ModifiedBy为必填字段,State为必填字段","time":1644300774201506300}
2022/02/08 14:13:12 {"callers":["D:/go_work/src/go-blog-service/main.go: 27 main.init.0"],"level":"error","message":"app.BindAndValid errs: ","time":1644300792741875800}
2022/02/08 14:13:18 {"callers":["D:/go_work/src/go-blog-service/main.go: 27 main.init.0"],"level":"error","message":"app.BindAndValid errs: ","time":1644300798526993900}
2022/02/08 14:13:26 {"callers":["D:/go_work/src/go-blog-service/main.go: 27 main.init.0"],"level":"error","message":"app.BindAndValid errs: ","time":1644300806945418600}
2022/02/08 14:14:01 {"callers":["D:/go_work/src/go-blog-service/main.go: 27 main.init.0"],"level":"error","message":"app.BindAndValid errs: ","time":1644300841988610200}
2022/02/08 14:14:57 {"callers":["D:/go_work/src/go-blog-service/main.go: 27 main.init.0"],"level":"info","message":"eddycjy: go-programming-tour-book/blog-service","time":1644300897738004000}
2022/02/08 14:15:49 {"callers":["D:/go_work/src/go-blog-service/main.go: 27 main.init.0"],"level":"error","message":"app.BindAndValid errs: ","time":1644300949267798900}
2022/02/08 14:17:03 {"callers":["D:/go_work/src/go-blog-service/main.go: 27 main.init.0"],"level":"error","message":"app.BindAndValid errs: ","time":1644301023351093200}
2022/02/08 14:17:36 {"callers":["D:/go_work/src/go-blog-service/main.go: 27 main.init.0"],"level":"error","message":"app.BindAndValid errs: Name长度必须至少为3个字符,State为必填字段","time":1644301056766226400}
2022/02/08 14:18:09 {"callers":["D:/go_work/src/go-blog-service/main.go: 27 main.init.0"],"level":"error","message":"app.BindAndValid errs: State为必填字段","time":1644301089631522000}
2022/02/08 14:19:52 {"callers":["D:/go_work/src/go-blog-service/main.go: 27 main.init.0"],"level":"error","message":"app.BindAndValid errs: State为必填字段","time":1644301192131970900}
2022/02/08 14:20:04 {"callers":["D:/go_work/src/go-blog-service/main.go: 27 main.init.0"],"level":"info","message":"eddycjy: go-programming-tour-book/blog-service","time":1644301204347399100}
2022/02/08 14:20:31 {"callers":["D:/go_work/src/go-blog-service/main.go: 27 main.init.0"],"level":"error","message":"app.BindAndValid errs: State为必填字段","time":1644301231789522300}
2022/02/08 14:20:33 {"callers":["D:/go_work/src/go-blog-service/main.go: 27 main.init.0"],"level":"error","message":"app.BindAndValid errs: State为必填字段","time":1644301233308579800}
2022/02/08 14:22:49 {"callers":["D:/go_work/src/go-blog-service/main.go: 27 main.init.0"],"level":"info","message":"eddycjy: go-programming-tour-book/blog-service","time":1644301369012059100}
2022/02/08 14:28:39 {"callers":["D:/go_work/src/go-blog-service/main.go: 27 main.init.0"],"level":"info","message":"eddycjy: go-programming-tour-book/blog-service","time":1644301719605923900}
2022/02/08 14:40:04 {"callers":["D:/go_work/src/go-blog-service/main.go: 27 main.init.0"],"level":"info","message":"eddycjy: go-programming-tour-book/blog-service","time":1644302404843962900}
2022/02/08 14:41:47 {"callers":["D:/go_work/src/go-blog-service/main.go: 27 main.init.0"],"level":"info","message":"eddycjy: go-programming-tour-book/blog-service","time":1644302507216792100}
2022/02/08 14:43:39 {"callers":["D:/go_work/src/go-blog-service/main.go: 27 main.init.0"],"level":"info","message":"eddycjy: go-programming-tour-book/blog-service","time":1644302619214434300}
2022/02/08 14:45:18 {"callers":["D:/go_work/src/go-blog-service/main.go: 27 main.init.0"],"level":"info","message":"eddycjy: go-programming-tour-book/blog-service","time":1644302718213884000}
2022/02/08 15:43:12 {"callers":["D:/go_work/src/go-blog-service/main.go: 27 main.init.0"],"level":"info","message":"eddycjy: go-programming-tour-book/blog-service","time":1644306192000532400}
2022/02/08 15:45:15 {"callers":["D:/go_work/src/go-blog-service/main.go: 27 main.init.0"],"level":"info","message":"eddycjy: go-programming-tour-book/blog-service","time":1644306315294125600}
2022/02/08 15:45:18 {"callers":["D:/go_work/src/go-blog-service/main.go: 27 main.init.0"],"level":"info","message":"access log: method: PUT, status_code: 200, begin_time: 1644306318, end_time: 1644306318","request":"modified_by=eddycjy\u0026name=Goland\u0026state=0","response":"{}","time":1644306318273429800}
2022/02/08 15:56:26 {"callers":["D:/go_work/src/go-blog-service/main.go: 27 main.init.0"],"level":"info","message":"eddycjy: go-programming-tour-book/blog-service","time":1644306986446825700}
2022/02/08 15:56:30 {"callers":["D:/go_work/src/go-blog-service/main.go: 27 main.init.0"],"level":"info","message":"access log: method: PUT, status_code: 200, begin_time: 1644306990, end_time: 1644306990","request":"modified_by=eddycjy\u0026name=Goland\u0026state=0","response":"{}","time":1644306990170050200}
2022/02/08 15:57:16 {"callers":["D:/go_work/src/go-blog-service/main.go: 27 main.init.0"],"level":"error","message":"app.BindAndValid errs: ModifiedBy为必填字段","time":1644307036647827000}
2022/02/08 15:57:16 {"callers":["D:/go_work/src/go-blog-service/main.go: 27 main.init.0"],"level":"info","message":"access log: method: PUT, status_code: 400, begin_time: 1644307036, end_time: 1644307036","request":"name=Goland\u0026state=0","response":"{\"code\":10000001,\"details\":[\"ModifiedBy为必填字段\"],\"msg\":\"入参错误\"}","time":1644307036647827000}
2022/02/08 15:57:31 {"callers":["D:/go_work/src/go-blog-service/main.go: 27 main.init.0"],"level":"info","message":"eddycjy: go-programming-tour-book/blog-service","time":1644307051736075100}
2022/02/08 15:57:44 {"callers":["D:/go_work/src/go-blog-service/main.go: 27 main.init.0"],"level":"error","message":"app.BindAndValid errs: ModifiedBy为必填字段","time":1644307064180765200}
2022/02/08 15:58:10 {"callers":["D:/go_work/src/go-blog-service/main.go: 27 main.init.0"],"level":"info","message":"access log: method: PUT, status_code: 400, begin_time: 1644307053, end_time: 1644307084","request":"name=Goland\u0026state=0","response":"{\"code\":10000001,\"details\":[\"ModifiedBy为必填字段\"],\"msg\":\"入参错误\"}","time":1644307090876177700}
2022/02/08 16:00:22 {"callers":["D:/go_work/src/go-blog-service/main.go: 27 main.init.0"],"level":"info","message":"eddycjy: go-programming-tour-book/blog-service","time":1644307222250072000}
2022/02/08 16:00:43 {"callers":["D:/go_work/src/go-blog-service/main.go: 27 main.init.0"],"level":"error","message":"app.BindAndValid errs: ModifiedBy为必填字段","time":1644307243852355300}
2022/02/08 16:00:43 {"callers":["D:/go_work/src/go-blog-service/main.go: 27 main.init.0"],"level":"info","message":"access log: method: PUT, status_code: 400, begin_time: 1644307243, end_time: 1644307243","request":"name=Goland\u0026state=0","response":"{\"code\":10000001,\"details\":[\"ModifiedBy为必填字段\"],\"msg\":\"入参错误\"}","time":1644307243852355300}
2022/02/08 16:00:47 {"callers":["D:/go_work/src/go-blog-service/pkg/logger/logger.go: 94 blog-service/pkg/logger.(*Logger).WithCallersFrames","D:/go_work/src/go-blog-service/internal/middleware/recovery.go: 25 blog-service/internal/middleware.Recovery.func1.1","D:/Users/Administrator/sdk/go1.15.15/src/runtime/panic.go: 969 runtime.gopanic","D:/go_work/src/go-blog-service/internal/routers/api/v1/tag.go: 79 blog-service/internal/routers/api/v1.Tag.Update","D:/go_work/src/pkg/mod/github.com/gin-gonic/gin@v1.6.3/context.go: 161 github.com/gin-gonic/gin.(*Context).Next","D:/go_work/src/go-blog-service/internal/middleware/recovery.go: 38 blog-service/internal/middleware.Recovery.func1","D:/go_work/src/pkg/mod/github.com/gin-gonic/gin@v1.6.3/context.go: 161 github.com/gin-gonic/gin.(*Context).Next","D:/go_work/src/go-blog-service/internal/middleware/access_log.go: 27 blog-service/internal/middleware.AccessLog.func1","D:/go_work/src/pkg/mod/github.com/gin-gonic/gin@v1.6.3/context.go: 161 github.com/gin-gonic/gin.(*Context).Next","D:/go_work/src/go-blog-service/internal/middleware/translations.go: 36 blog-service/internal/middleware.Translations.func1","D:/go_work/src/pkg/mod/github.com/gin-gonic/gin@v1.6.3/context.go: 161 github.com/gin-gonic/gin.(*Context).Next","D:/go_work/src/pkg/mod/github.com/gin-gonic/gin@v1.6.3/recovery.go: 83 github.com/gin-gonic/gin.RecoveryWithWriter.func1","D:/go_work/src/pkg/mod/github.com/gin-gonic/gin@v1.6.3/context.go: 161 github.com/gin-gonic/gin.(*Context).Next","D:/go_work/src/pkg/mod/github.com/gin-gonic/gin@v1.6.3/logger.go: 241 github.com/gin-gonic/gin.LoggerWithConfig.func1","D:/go_work/src/pkg/mod/github.com/gin-gonic/gin@v1.6.3/context.go: 161 github.com/gin-gonic/gin.(*Context).Next","D:/go_work/src/pkg/mod/github.com/gin-gonic/gin@v1.6.3/gin.go: 409 github.com/gin-gonic/gin.(*Engine).handleHTTPRequest","D:/go_work/src/pkg/mod/github.com/gin-gonic/gin@v1.6.3/gin.go: 367 github.com/gin-gonic/gin.(*Engine).ServeHTTP","D:/Users/Administrator/sdk/go1.15.15/src/net/http/server.go: 2843 net/http.serverHandler.ServeHTTP","D:/Users/Administrator/sdk/go1.15.15/src/net/http/server.go: 1925 net/http.(*conn).serve"],"level":"error","message":"panic recover err: crash","time":1644307247294002500}
2022/02/08 16:00:47 {"callers":["D:/go_work/src/go-blog-service/main.go: 27 main.init.0"],"level":"info","message":"mail.SendMail err: 535 Login Fail. Please enter your authorization code to login. More information in http://service.mail.qq.com/cgi-bin/help?subtype=1\u0026\u0026id=28\u0026\u0026no=1001256","time":1644307247584713300}
2022/02/08 16:00:47 {"callers":["D:/go_work/src/go-blog-service/main.go: 27 main.init.0"],"level":"info","message":"access log: method: PUT, status_code: 500, begin_time: 1644307247, end_time: 1644307247","request":"modified_by=eddycjy\u0026name=Goland\u0026state=0","response":"{\"code\":10000000,\"msg\":\"服务内部错误\"}","time":1644307247584713300}
2022/02/08 16:04:14 {"callers":["D:/go_work/src/go-blog-service/main.go: 27 main.init.0"],"level":"info","message":"eddycjy: go-programming-tour-book/blog-service","time":1644307454626673700}
2022/02/08 16:04:20 {"callers":["D:/go_work/src/go-blog-service/pkg/logger/logger.go: 94 blog-service/pkg/logger.(*Logger).WithCallersFrames","D:/go_work/src/go-blog-service/internal/middleware/recovery.go: 25 blog-service/internal/middleware.Recovery.func1.1","D:/Users/Administrator/sdk/go1.15.15/src/runtime/panic.go: 969 runtime.gopanic","D:/go_work/src/go-blog-service/internal/routers/api/v1/tag.go: 79 blog-service/internal/routers/api/v1.Tag.Update","D:/go_work/src/pkg/mod/github.com/gin-gonic/gin@v1.6.3/context.go: 161 github.com/gin-gonic/gin.(*Context).Next","D:/go_work/src/go-blog-service/internal/middleware/recovery.go: 38 blog-service/internal/middleware.Recovery.func1","D:/go_work/src/pkg/mod/github.com/gin-gonic/gin@v1.6.3/context.go: 161 github.com/gin-gonic/gin.(*Context).Next","D:/go_work/src/go-blog-service/internal/middleware/access_log.go: 27 blog-service/internal/middleware.AccessLog.func1","D:/go_work/src/pkg/mod/github.com/gin-gonic/gin@v1.6.3/context.go: 161 github.com/gin-gonic/gin.(*Context).Next","D:/go_work/src/go-blog-service/internal/middleware/translations.go: 36 blog-service/internal/middleware.Translations.func1","D:/go_work/src/pkg/mod/github.com/gin-gonic/gin@v1.6.3/context.go: 161 github.com/gin-gonic/gin.(*Context).Next","D:/go_work/src/pkg/mod/github.com/gin-gonic/gin@v1.6.3/recovery.go: 83 github.com/gin-gonic/gin.RecoveryWithWriter.func1","D:/go_work/src/pkg/mod/github.com/gin-gonic/gin@v1.6.3/context.go: 161 github.com/gin-gonic/gin.(*Context).Next","D:/go_work/src/pkg/mod/github.com/gin-gonic/gin@v1.6.3/logger.go: 241 github.com/gin-gonic/gin.LoggerWithConfig.func1","D:/go_work/src/pkg/mod/github.com/gin-gonic/gin@v1.6.3/context.go: 161 github.com/gin-gonic/gin.(*Context).Next","D:/go_work/src/pkg/mod/github.com/gin-gonic/gin@v1.6.3/gin.go: 409 github.com/gin-gonic/gin.(*Engine).handleHTTPRequest","D:/go_work/src/pkg/mod/github.com/gin-gonic/gin@v1.6.3/gin.go: 367 github.com/gin-gonic/gin.(*Engine).ServeHTTP","D:/Users/Administrator/sdk/go1.15.15/src/net/http/server.go: 2843 net/http.serverHandler.ServeHTTP","D:/Users/Administrator/sdk/go1.15.15/src/net/http/server.go: 1925 net/http.(*conn).serve"],"level":"error","message":"panic recover err: crash","time":1644307460070185700}
2022/02/08 16:04:20 {"callers":["D:/go_work/src/go-blog-service/main.go: 27 main.init.0"],"level":"info","message":"access log: method: PUT, status_code: 500, begin_time: 1644307460, end_time: 1644307460","request":"modified_by=eddycjy\u0026name=Goland\u0026state=0","response":"{\"code\":10000000,\"msg\":\"服务内部错误\"}","time":1644307460946440800}
2022/02/08 18:12:04 {"callers":["D:/go_work/src/go-blog-service/pkg/logger/logger.go: 94 blog-service/pkg/logger.(*Logger).WithCallersFrames","D:/go_work/src/go-blog-service/internal/middleware/recovery.go: 25 blog-service/internal/middleware.Recovery.func1.1","D:/Users/Administrator/sdk/go1.15.15/src/runtime/panic.go: 969 runtime.gopanic","D:/go_work/src/go-blog-service/internal/routers/api/v1/tag.go: 79 blog-service/internal/routers/api/v1.Tag.Update","D:/go_work/src/pkg/mod/github.com/gin-gonic/gin@v1.6.3/context.go: 161 github.com/gin-gonic/gin.(*Context).Next","D:/go_work/src/go-blog-service/internal/middleware/recovery.go: 38 blog-service/internal/middleware.Recovery.func1","D:/go_work/src/pkg/mod/github.com/gin-gonic/gin@v1.6.3/context.go: 161 github.com/gin-gonic/gin.(*Context).Next","D:/go_work/src/go-blog-service/internal/middleware/access_log.go: 27 blog-service/internal/middleware.AccessLog.func1","D:/go_work/src/pkg/mod/github.com/gin-gonic/gin@v1.6.3/context.go: 161 github.com/gin-gonic/gin.(*Context).Next","D:/go_work/src/go-blog-service/internal/middleware/translations.go: 36 blog-service/internal/middleware.Translations.func1","D:/go_work/src/pkg/mod/github.com/gin-gonic/gin@v1.6.3/context.go: 161 github.com/gin-gonic/gin.(*Context).Next","D:/go_work/src/pkg/mod/github.com/gin-gonic/gin@v1.6.3/recovery.go: 83 github.com/gin-gonic/gin.RecoveryWithWriter.func1","D:/go_work/src/pkg/mod/github.com/gin-gonic/gin@v1.6.3/context.go: 161 github.com/gin-gonic/gin.(*Context).Next","D:/go_work/src/pkg/mod/github.com/gin-gonic/gin@v1.6.3/logger.go: 241 github.com/gin-gonic/gin.LoggerWithConfig.func1","D:/go_work/src/pkg/mod/github.com/gin-gonic/gin@v1.6.3/context.go: 161 github.com/gin-gonic/gin.(*Context).Next","D:/go_work/src/pkg/mod/github.com/gin-gonic/gin@v1.6.3/gin.go: 409 github.com/gin-gonic/gin.(*Engine).handleHTTPRequest","D:/go_work/src/pkg/mod/github.com/gin-gonic/gin@v1.6.3/gin.go: 367 github.com/gin-gonic/gin.(*Engine).ServeHTTP","D:/Users/Administrator/sdk/go1.15.15/src/net/http/server.go: 2843 net/http.serverHandler.ServeHTTP","D:/Users/Administrator/sdk/go1.15.15/src/net/http/server.go: 1925 net/http.(*conn).serve"],"level":"error","message":"panic recover err: crash","time":1644315124826877000}
2022/02/08 18:12:05 {"callers":["D:/go_work/src/go-blog-service/main.go: 27 main.init.0"],"level":"info","message":"access log: method: PUT, status_code: 500, begin_time: 1644315124, end_time: 1644315125","request":"modified_by=eddycjy\u0026name=Goland\u0026state=0","response":"{\"code\":10000000,\"msg\":\"服务内部错误\"}","time":1644315125561286700}
2022/02/08 18:12:17 {"callers":["D:/go_work/src/go-blog-service/pkg/logger/logger.go: 94 blog-service/pkg/logger.(*Logger).WithCallersFrames","D:/go_work/src/go-blog-service/internal/middleware/recovery.go: 25 blog-service/internal/middleware.Recovery.func1.1","D:/Users/Administrator/sdk/go1.15.15/src/runtime/panic.go: 969 runtime.gopanic","D:/go_work/src/go-blog-service/internal/routers/api/v1/tag.go: 79 blog-service/internal/routers/api/v1.Tag.Update","D:/go_work/src/pkg/mod/github.com/gin-gonic/gin@v1.6.3/context.go: 161 github.com/gin-gonic/gin.(*Context).Next","D:/go_work/src/go-blog-service/internal/middleware/recovery.go: 38 blog-service/internal/middleware.Recovery.func1","D:/go_work/src/pkg/mod/github.com/gin-gonic/gin@v1.6.3/context.go: 161 github.com/gin-gonic/gin.(*Context).Next","D:/go_work/src/go-blog-service/internal/middleware/access_log.go: 27 blog-service/internal/middleware.AccessLog.func1","D:/go_work/src/pkg/mod/github.com/gin-gonic/gin@v1.6.3/context.go: 161 github.com/gin-gonic/gin.(*Context).Next","D:/go_work/src/go-blog-service/internal/middleware/translations.go: 36 blog-service/internal/middleware.Translations.func1","D:/go_work/src/pkg/mod/github.com/gin-gonic/gin@v1.6.3/context.go: 161 github.com/gin-gonic/gin.(*Context).Next","D:/go_work/src/pkg/mod/github.com/gin-gonic/gin@v1.6.3/recovery.go: 83 github.com/gin-gonic/gin.RecoveryWithWriter.func1","D:/go_work/src/pkg/mod/github.com/gin-gonic/gin@v1.6.3/context.go: 161 github.com/gin-gonic/gin.(*Context).Next","D:/go_work/src/pkg/mod/github.com/gin-gonic/gin@v1.6.3/logger.go: 241 github.com/gin-gonic/gin.LoggerWithConfig.func1","D:/go_work/src/pkg/mod/github.com/gin-gonic/gin@v1.6.3/context.go: 161 github.com/gin-gonic/gin.(*Context).Next","D:/go_work/src/pkg/mod/github.com/gin-gonic/gin@v1.6.3/gin.go: 409 github.com/gin-gonic/gin.(*Engine).handleHTTPRequest","D:/go_work/src/pkg/mod/github.com/gin-gonic/gin@v1.6.3/gin.go: 367 github.com/gin-gonic/gin.(*Engine).ServeHTTP","D:/Users/Administrator/sdk/go1.15.15/src/net/http/server.go: 2843 net/http.serverHandler.ServeHTTP","D:/Users/Administrator/sdk/go1.15.15/src/net/http/server.go: 1925 net/http.(*conn).serve"],"level":"error","message":"panic recover err: crash","time":1644315137904967800}
2022/02/08 18:12:18 {"callers":["D:/go_work/src/go-blog-service/main.go: 27 main.init.0"],"level":"info","message":"access log: method: PUT, status_code: 500, begin_time: 1644315137, end_time: 1644315138","request":"modified_by=eddycjy\u0026name=Goland\u0026state=0","response":"{\"code\":10000000,\"msg\":\"服务内部错误\"}","time":1644315138407611300}
2022/02/08 18:12:36 {"callers":["D:/go_work/src/go-blog-service/pkg/logger/logger.go: 94 blog-service/pkg/logger.(*Logger).WithCallersFrames","D:/go_work/src/go-blog-service/internal/middleware/recovery.go: 25 blog-service/internal/middleware.Recovery.func1.1","D:/Users/Administrator/sdk/go1.15.15/src/runtime/panic.go: 969 runtime.gopanic","D:/go_work/src/go-blog-service/internal/routers/api/v1/tag.go: 79 blog-service/internal/routers/api/v1.Tag.Update","D:/go_work/src/pkg/mod/github.com/gin-gonic/gin@v1.6.3/context.go: 161 github.com/gin-gonic/gin.(*Context).Next","D:/go_work/src/go-blog-service/internal/middleware/recovery.go: 38 blog-service/internal/middleware.Recovery.func1","D:/go_work/src/pkg/mod/github.com/gin-gonic/gin@v1.6.3/context.go: 161 github.com/gin-gonic/gin.(*Context).Next","D:/go_work/src/go-blog-service/internal/middleware/access_log.go: 27 blog-service/internal/middleware.AccessLog.func1","D:/go_work/src/pkg/mod/github.com/gin-gonic/gin@v1.6.3/context.go: 161 github.com/gin-gonic/gin.(*Context).Next","D:/go_work/src/go-blog-service/internal/middleware/translations.go: 36 blog-service/internal/middleware.Translations.func1","D:/go_work/src/pkg/mod/github.com/gin-gonic/gin@v1.6.3/context.go: 161 github.com/gin-gonic/gin.(*Context).Next","D:/go_work/src/pkg/mod/github.com/gin-gonic/gin@v1.6.3/recovery.go: 83 github.com/gin-gonic/gin.RecoveryWithWriter.func1","D:/go_work/src/pkg/mod/github.com/gin-gonic/gin@v1.6.3/context.go: 161 github.com/gin-gonic/gin.(*Context).Next","D:/go_work/src/pkg/mod/github.com/gin-gonic/gin@v1.6.3/logger.go: 241 github.com/gin-gonic/gin.LoggerWithConfig.func1","D:/go_work/src/pkg/mod/github.com/gin-gonic/gin@v1.6.3/context.go: 161 github.com/gin-gonic/gin.(*Context).Next","D:/go_work/src/pkg/mod/github.com/gin-gonic/gin@v1.6.3/gin.go: 409 github.com/gin-gonic/gin.(*Engine).handleHTTPRequest","D:/go_work/src/pkg/mod/github.com/gin-gonic/gin@v1.6.3/gin.go: 367 github.com/gin-gonic/gin.(*Engine).ServeHTTP","D:/Users/Administrator/sdk/go1.15.15/src/net/http/server.go: 2843 net/http.serverHandler.ServeHTTP","D:/Users/Administrator/sdk/go1.15.15/src/net/http/server.go: 1925 net/http.(*conn).serve"],"level":"error","message":"panic recover err: crash","time":1644315156181359400}
2022/02/08 18:12:36 {"callers":["D:/go_work/src/go-blog-service/main.go: 27 main.init.0"],"level":"info","message":"access log: method: PUT, status_code: 500, begin_time: 1644315156, end_time: 1644315156","request":"modified_by=eddycjy\u0026name=Goland\u0026state=0","response":"{\"code\":10000000,\"msg\":\"服务内部错误\"}","time":1644315156754951400}
2022/02/08 18:13:40 {"callers":["D:/go_work/src/go-blog-service/pkg/logger/logger.go: 94 blog-service/pkg/logger.(*Logger).WithCallersFrames","D:/go_work/src/go-blog-service/internal/middleware/recovery.go: 25 blog-service/internal/middleware.Recovery.func1.1","D:/Users/Administrator/sdk/go1.15.15/src/runtime/panic.go: 969 runtime.gopanic","D:/go_work/src/go-blog-service/internal/routers/api/v1/tag.go: 79 blog-service/internal/routers/api/v1.Tag.Update","D:/go_work/src/pkg/mod/github.com/gin-gonic/gin@v1.6.3/context.go: 161 github.com/gin-gonic/gin.(*Context).Next","D:/go_work/src/go-blog-service/internal/middleware/recovery.go: 38 blog-service/internal/middleware.Recovery.func1","D:/go_work/src/pkg/mod/github.com/gin-gonic/gin@v1.6.3/context.go: 161 github.com/gin-gonic/gin.(*Context).Next","D:/go_work/src/go-blog-service/internal/middleware/access_log.go: 27 blog-service/internal/middleware.AccessLog.func1","D:/go_work/src/pkg/mod/github.com/gin-gonic/gin@v1.6.3/context.go: 161 github.com/gin-gonic/gin.(*Context).Next","D:/go_work/src/go-blog-service/internal/middleware/translations.go: 36 blog-service/internal/middleware.Translations.func1","D:/go_work/src/pkg/mod/github.com/gin-gonic/gin@v1.6.3/context.go: 161 github.com/gin-gonic/gin.(*Context).Next","D:/go_work/src/pkg/mod/github.com/gin-gonic/gin@v1.6.3/recovery.go: 83 github.com/gin-gonic/gin.RecoveryWithWriter.func1","D:/go_work/src/pkg/mod/github.com/gin-gonic/gin@v1.6.3/context.go: 161 github.com/gin-gonic/gin.(*Context).Next","D:/go_work/src/pkg/mod/github.com/gin-gonic/gin@v1.6.3/logger.go: 241 github.com/gin-gonic/gin.LoggerWithConfig.func1","D:/go_work/src/pkg/mod/github.com/gin-gonic/gin@v1.6.3/context.go: 161 github.com/gin-gonic/gin.(*Context).Next","D:/go_work/src/pkg/mod/github.com/gin-gonic/gin@v1.6.3/gin.go: 409 github.com/gin-gonic/gin.(*Engine).handleHTTPRequest","D:/go_work/src/pkg/mod/github.com/gin-gonic/gin@v1.6.3/gin.go: 367 github.com/gin-gonic/gin.(*Engine).ServeHTTP","D:/Users/Administrator/sdk/go1.15.15/src/net/http/server.go: 2843 net/http.serverHandler.ServeHTTP","D:/Users/Administrator/sdk/go1.15.15/src/net/http/server.go: 1925 net/http.(*conn).serve"],"level":"error","message":"panic recover err: crash","time":1644315220845681000}
2022/02/08 18:13:41 {"callers":["D:/go_work/src/go-blog-service/main.go: 27 main.init.0"],"level":"info","message":"access log: method: PUT, status_code: 500, begin_time: 1644315220, end_time: 1644315221","request":"modified_by=eddycjy\u0026name=Goland\u0026state=0","response":"{\"code\":10000000,\"msg\":\"服务内部错误\"}","time":1644315221429553500}
2022/02/08 18:17:14 {"callers":["D:/go_work/src/go-blog-service/main.go: 27 main.init.0"],"level":"info","message":"eddycjy: go-programming-tour-book/blog-service","time":1644315434953127000}
2022/02/08 18:17:19 {"callers":["D:/go_work/src/go-blog-service/main.go: 27 main.init.0"],"level":"info","message":"access log: method: PUT, status_code: 200, begin_time: 1644315439, end_time: 1644315439","request":"modified_by=eddycjy\u0026name=Goland\u0026state=0","response":"{}","time":1644315439076123500}
2022/02/08 18:18:41 {"callers":["D:/go_work/src/go-blog-service/main.go: 27 main.init.0"],"level":"info","message":"eddycjy: go-programming-tour-book/blog-service","time":1644315521687717300}
2022/02/08 18:18:44 {"callers":["D:/go_work/src/go-blog-service/main.go: 27 main.init.0"],"level":"info","message":"access log: method: PUT, status_code: 200, begin_time: 1644315524, end_time: 1644315524","request":"modified_by=eddycjy\u0026name=Goland\u0026state=0","response":"{}","time":1644315524767539000}
2022/02/08 18:58:08 {"callers":["D:/go_work/src/go-blog-service/main.go: 27 main.init.0"],"level":"info","message":"access log: method: PUT, status_code: 200, begin_time: 1644317888, end_time: 1644317888","request":"modified_by=eddycjy\u0026name=Goland\u0026state=0","response":"{}","time":1644317888801854600}
2022/02/08 18:58:47 {"callers":["D:/go_work/src/go-blog-service/main.go: 27 main.init.0"],"level":"info","message":"eddycjy: go-programming-tour-book/blog-service","time":1644317927311447300}
2022/02/08 18:58:50 {"callers":["D:/go_work/src/go-blog-service/main.go: 27 main.init.0"],"level":"info","message":"access log: method: PUT, status_code: 400, begin_time: 1644317930, end_time: 1644317930","request":"","response":"{\"code\":10000001,\"msg\":\"入参错误\"}","time":1644317930587067000}
2022/02/08 18:58:52 {"callers":["D:/go_work/src/go-blog-service/main.go: 27 main.init.0"],"level":"info","message":"access log: method: PUT, status_code: 400, begin_time: 1644317932, end_time: 1644317932","request":"","response":"{\"code\":10000001,\"msg\":\"入参错误\"}","time":1644317932901627900}
2022/02/08 18:59:09 {"callers":["D:/go_work/src/go-blog-service/main.go: 27 main.init.0"],"level":"info","message":"access log: method: PUT, status_code: 400, begin_time: 1644317949, end_time: 1644317949","request":"","response":"{\"code\":10000001,\"msg\":\"入参错误\"}","time":1644317949392047100}
2022/02/08 18:59:13 {"callers":["D:/go_work/src/go-blog-service/main.go: 27 main.init.0"],"level":"info","message":"access log: method: PUT, status_code: 400, begin_time: 1644317953, end_time: 1644317953","request":"","response":"{\"code\":10000001,\"msg\":\"入参错误\"}","time":1644317953655954800}
2022/02/08 18:59:34 {"callers":["D:/go_work/src/go-blog-service/main.go: 27 main.init.0"],"level":"info","message":"access log: method: GET, status_code: 400, begin_time: 1644317974, end_time: 1644317974","request":"","response":"{\"code\":10000001,\"msg\":\"入参错误\"}","time":1644317974578432400}
2022/02/08 18:59:44 {"callers":["D:/go_work/src/go-blog-service/main.go: 27 main.init.0"],"level":"info","message":"access log: method: GET, status_code: 400, begin_time: 1644317984, end_time: 1644317984","request":"","response":"{\"code\":10000001,\"msg\":\"入参错误\"}","time":1644317984142879700}
2022/02/08 18:59:47 {"callers":["D:/go_work/src/go-blog-service/main.go: 27 main.init.0"],"level":"info","message":"access log: method: GET, status_code: 400, begin_time: 1644317987, end_time: 1644317987","request":"","response":"{\"code\":10000001,\"msg\":\"入参错误\"}","time":1644317987369413800}
2022/02/08 19:00:03 {"callers":["D:/go_work/src/go-blog-service/main.go: 27 main.init.0"],"level":"info","message":"access log: method: GET, status_code: 400, begin_time: 1644318003, end_time: 1644318003","request":"","response":"{\"code\":10000001,\"msg\":\"入参错误\"}","time":1644318003508230300}
2022/02/08 19:03:38 {"callers":["D:/go_work/src/go-blog-service/main.go: 27 main.init.0"],"level":"info","message":"access log: method: GET, status_code: 401, begin_time: 1644318218, end_time: 1644318218","request":"","response":"{\"code\":10000004,\"msg\":\"鉴权失败，Token 错误\"}","time":1644318218765275300}
2022/02/08 19:04:40 {"callers":["D:/go_work/src/go-blog-service/main.go: 27 main.init.0"],"level":"error","message":"app.BindAndValid errs: ","time":1644318280468057600}
2022/02/08 19:04:40 {"callers":["D:/go_work/src/go-blog-service/main.go: 27 main.init.0"],"level":"info","message":"access log: method: POST, status_code: 400, begin_time: 1644318280, end_time: 1644318280","request":"","response":"{\"code\":10000001,\"msg\":\"入参错误\"}","time":1644318280468057600}
2022/02/08 19:06:04 {"callers":["D:/go_work/src/go-blog-service/main.go: 27 main.init.0"],"level":"error","message":"app.BindAndValid errs: ","time":1644318364728051300}
2022/02/08 19:06:04 {"callers":["D:/go_work/src/go-blog-service/main.go: 27 main.init.0"],"level":"info","message":"access log: method: POST, status_code: 400, begin_time: 1644318364, end_time: 1644318364","request":"","response":"{\"code\":10000001,\"msg\":\"入参错误\"}","time":1644318364728051300}
2022/02/08 19:07:00 {"callers":["D:/go_work/src/go-blog-service/main.go: 27 main.init.0"],"level":"info","message":"access log: method: POST, status_code: 200, begin_time: 1644318420, end_time: 1644318420","request":"app_key=eddycjy\u0026app_secret=go-programming-tour-book","response":"{\"token\":\"eyJhbGciOiJIUzI1NiIsInR5cCI6IkpXVCJ9.eyJhcHBfa2V5IjoiMjc1NjY4QkE2NTUwNDlDRDczOUQxRDlFNkIzMUNDRjEiLCJhcHBfc2VjcmV0IjoiN0M5NzI2NjMxNzBENkJDMTg0ODREMDVCQzk4NzIyRjQiLCJleHAiOjE2NDQzMjU2MjAsImlzcyI6ImJsb2ctc2VydmljZSJ9.sw7WxS7iN3ZkNzgCZ8TT_La5GXc6Tl0oTtRfIwR_liY\"}","time":1644318420636172700}
2022/02/08 19:07:18 {"callers":["D:/go_work/src/go-blog-service/main.go: 27 main.init.0"],"level":"info","message":"access log: method: GET, status_code: 200, begin_time: 1644318437, end_time: 1644318438","request":"created_by=yueguang","response":"{\"list\":[{\"id\":2,\"created_by\":\"白月光\",\"modified_by\":\"\",\"created_on\":1637551637,\"modified_on\":1637551637,\"deleted_on\":0,\"is_del\":0,\"name\":\"GoLang\",\"state\":1},{\"id\":3,\"created_by\":\"白月光\",\"modified_by\":\"\",\"created_on\":1637552026,\"modified_on\":1637552026,\"deleted_on\":0,\"is_del\":0,\"name\":\"Go\",\"state\":1},{\"id\":4,\"created_by\":\"白月光\",\"modified_by\":\"\",\"created_on\":1637552044,\"modified_on\":1637552044,\"deleted_on\":0,\"is_del\":0,\"name\":\"GoLang\",\"state\":1},{\"id\":5,\"created_by\":\"白月光\",\"modified_by\":\"\",\"created_on\":1637565079,\"modified_on\":1637565079,\"deleted_on\":0,\"is_del\":0,\"name\":\"GoLang\",\"state\":1},{\"id\":6,\"created_by\":\"白月光\",\"modified_by\":\"\",\"created_on\":1637565106,\"modified_on\":1637565106,\"deleted_on\":0,\"is_del\":0,\"name\":\"GoLang\",\"state\":1},{\"id\":7,\"created_by\":\"eddycjy\",\"modified_by\":\"\",\"created_on\":1644298554,\"modified_on\":1644298554,\"deleted_on\":0,\"is_del\":0,\"name\":\"Go2\",\"state\":1}],\"pager\":{\"page\":1,\"page_size\":10,\"total_rows\":6}}","time":1644318438011809400}
